{
  "0 debug pnpm:scope": {
    "selected": 1
  },
  "1 debug pnpm:package-manifest": {
    "initial": {
      "dependencies": {
        "axios": "^0.25.0"
      }
    },
    "prefix": "/var/www"
  },
  "2 debug pnpm:context": {
    "currentLockfileExists": true,
    "storeDir": "/home/kumirei/.pnpm-store/v3",
    "virtualStoreDir": "/var/www/node_modules/.pnpm"
  },
  "3 debug pnpm:stage": {
    "prefix": "/var/www",
    "stage": "resolution_started"
  },
  "4 debug pnpm:_dependency_resolved": {
    "resolution": "registry.npmjs.org/axios/0.25.0",
    "wanted": {
      "dependentId": ".",
      "name": "axios",
      "rawSpec": "^0.25.0"
    }
  },
  "5 debug pnpm:progress": {
    "packageId": "registry.npmjs.org/axios/0.25.0",
    "requester": "/var/www",
    "status": "found_in_store"
  },
  "6 debug pnpm:progress": {
    "packageId": "registry.npmjs.org/axios/0.25.0",
    "requester": "/var/www",
    "status": "resolved"
  },
  "7 error pnpm": {
    "code": "ERR_PNPM_FETCH_404",
    "hint": "dotenb is not in the npm registry, or you have no permission to fetch it.\n\nNo authorization header was set for the request.",
    "request": {
      "url": "https://registry.npmjs.org/dotenb"
    },
    "response": {
      "size": 0
    },
    "pkgName": "dotenb",
    "pkgsStack": [],
    "err": {
      "name": "pnpm",
      "message": "GET https://registry.npmjs.org/dotenb: Not Found - 404",
      "code": "ERR_PNPM_FETCH_404",
      "stack": "pnpm: GET https://registry.npmjs.org/dotenb: Not Found - 404\n    at RetryOperation._fn (/usr/local/pnpm-global/5/node_modules/.pnpm/pnpm@6.29.0/node_modules/pnpm/dist/pnpm.cjs:85640:19)\n    at processTicksAndRejections (node:internal/process/task_queues:96:5)"
    }
  }
}